0 info it worked if it ends with ok
1 verbose cli [ '/usr/bin/nodejs', '/usr/bin/npm', 'run', 'dist' ]
2 info using npm@3.5.2
3 info using node@v4.2.6
4 verbose run-script [ 'predist', 'dist', 'postdist' ]
5 info lifecycle GarlicoinWallet@0.0.2~predist: GarlicoinWallet@0.0.2
6 silly lifecycle GarlicoinWallet@0.0.2~predist: no script for predist, continuing
7 info lifecycle GarlicoinWallet@0.0.2~dist: GarlicoinWallet@0.0.2
8 verbose lifecycle GarlicoinWallet@0.0.2~dist: unsafe-perm in lifecycle true
9 verbose lifecycle GarlicoinWallet@0.0.2~dist: PATH: /usr/share/npm/bin/node-gyp-bin:/mnt/c/Users/Sidia/Documents/GarliWallet/node_modules/.bin:/usr/local/sbin:/usr/local/bin:/usr/sbin:/usr/bin:/sbin:/bin:/snap/bin
10 verbose lifecycle GarlicoinWallet@0.0.2~dist: CWD: /mnt/c/Users/Sidia/Documents/GarliWallet
11 silly lifecycle GarlicoinWallet@0.0.2~dist: Args: [ '-c', 'electron-builder' ]
12 silly lifecycle GarlicoinWallet@0.0.2~dist: Returned: code: 1  signal: null
13 info lifecycle GarlicoinWallet@0.0.2~dist: Failed to exec dist script
14 verbose stack Error: GarlicoinWallet@0.0.2 dist: `electron-builder`
14 verbose stack Exit status 1
14 verbose stack     at EventEmitter.<anonymous> (/usr/share/npm/lib/utils/lifecycle.js:232:16)
14 verbose stack     at emitTwo (events.js:87:13)
14 verbose stack     at EventEmitter.emit (events.js:172:7)
14 verbose stack     at ChildProcess.<anonymous> (/usr/share/npm/lib/utils/spawn.js:24:14)
14 verbose stack     at emitTwo (events.js:87:13)
14 verbose stack     at ChildProcess.emit (events.js:172:7)
14 verbose stack     at maybeClose (internal/child_process.js:821:16)
14 verbose stack     at Process.ChildProcess._handle.onexit (internal/child_process.js:211:5)
15 verbose pkgid GarlicoinWallet@0.0.2
16 verbose cwd /mnt/c/Users/Sidia/Documents/GarliWallet
17 error Linux 4.4.0-43-Microsoft
18 error argv "/usr/bin/nodejs" "/usr/bin/npm" "run" "dist"
19 error node v4.2.6
20 error npm  v3.5.2
21 error code ELIFECYCLE
22 error GarlicoinWallet@0.0.2 dist: `electron-builder`
22 error Exit status 1
23 error Failed at the GarlicoinWallet@0.0.2 dist script 'electron-builder'.
23 error Make sure you have the latest version of node.js and npm installed.
23 error If you do, this is most likely a problem with the GarlicoinWallet package,
23 error not with npm itself.
23 error Tell the author that this fails on your system:
23 error     electron-builder
23 error You can get information on how to open an issue for this project with:
23 error     npm bugs GarlicoinWallet
23 error Or if that isn't available, you can get their info via:
23 error     npm owner ls GarlicoinWallet
23 error There is likely additional logging output above.
24 verbose exit [ 1, true ]
